Started GET "/" for 10.0.2.2 at 2019-06-29 06:26:06 +0000
Cannot render console from 10.0.2.2! Allowed networks: 127.0.0.1, ::1, 127.0.0.0/127.255.255.255
  
ActiveRecord::PendingMigrationError (

Migrations are pending. To resolve this issue, run:

        bin/rails db:migrate RAILS_ENV=development

):
  
activerecord (5.2.3) lib/active_record/migration.rb:579:in `check_pending!'
activerecord (5.2.3) lib/active_record/migration.rb:556:in `call'
actionpack (5.2.3) lib/action_dispatch/middleware/callbacks.rb:28:in `block in call'
activesupport (5.2.3) lib/active_support/callbacks.rb:98:in `run_callbacks'
actionpack (5.2.3) lib/action_dispatch/middleware/callbacks.rb:26:in `call'
actionpack (5.2.3) lib/action_dispatch/middleware/executor.rb:14:in `call'
actionpack (5.2.3) lib/action_dispatch/middleware/debug_exceptions.rb:61:in `call'
web-console (3.7.0) lib/web_console/middleware.rb:135:in `call_app'
web-console (3.7.0) lib/web_console/middleware.rb:22:in `block in call'
web-console (3.7.0) lib/web_console/middleware.rb:20:in `catch'
web-console (3.7.0) lib/web_console/middleware.rb:20:in `call'
actionpack (5.2.3) lib/action_dispatch/middleware/show_exceptions.rb:33:in `call'
railties (5.2.3) lib/rails/rack/logger.rb:38:in `call_app'
railties (5.2.3) lib/rails/rack/logger.rb:26:in `block in call'
activesupport (5.2.3) lib/active_support/tagged_logging.rb:71:in `block in tagged'
activesupport (5.2.3) lib/active_support/tagged_logging.rb:28:in `tagged'
activesupport (5.2.3) lib/active_support/tagged_logging.rb:71:in `tagged'
railties (5.2.3) lib/rails/rack/logger.rb:26:in `call'
sprockets-rails (3.2.1) lib/sprockets/rails/quiet_assets.rb:13:in `call'
actionpack (5.2.3) lib/action_dispatch/middleware/remote_ip.rb:81:in `call'
actionpack (5.2.3) lib/action_dispatch/middleware/request_id.rb:27:in `call'
rack (2.0.7) lib/rack/method_override.rb:22:in `call'
rack (2.0.7) lib/rack/runtime.rb:22:in `call'
activesupport (5.2.3) lib/active_support/cache/strategy/local_cache_middleware.rb:29:in `call'
actionpack (5.2.3) lib/action_dispatch/middleware/executor.rb:14:in `call'
actionpack (5.2.3) lib/action_dispatch/middleware/static.rb:127:in `call'
rack (2.0.7) lib/rack/sendfile.rb:111:in `call'
railties (5.2.3) lib/rails/engine.rb:524:in `call'
puma (3.12.1) lib/puma/configuration.rb:227:in `call'
puma (3.12.1) lib/puma/server.rb:660:in `handle_request'
puma (3.12.1) lib/puma/server.rb:474:in `process_client'
puma (3.12.1) lib/puma/server.rb:334:in `block in run'
puma (3.12.1) lib/puma/thread_pool.rb:135:in `block in spawn_thread'
  [1m[35m (0.3ms)[0m  [1m[34mSELECT sqlite_version(*)[0m
  ↳ bin/rails:9
  [1m[35m (20.5ms)[0m  [1m[35mCREATE TABLE "schema_migrations" ("version" varchar NOT NULL PRIMARY KEY)[0m
  ↳ bin/rails:9
  [1m[35m (32.6ms)[0m  [1m[35mCREATE TABLE "ar_internal_metadata" ("key" varchar NOT NULL PRIMARY KEY, "value" varchar, "created_at" datetime NOT NULL, "updated_at" datetime NOT NULL)[0m
  ↳ bin/rails:9
  [1m[35m (2.2ms)[0m  [1m[34mSELECT "schema_migrations"."version" FROM "schema_migrations" ORDER BY "schema_migrations"."version" ASC[0m
  ↳ bin/rails:9
Migrating to DeviseCreateAdmins (20190629015111)
  [1m[35m (0.2ms)[0m  [1m[36mbegin transaction[0m
  ↳ bin/rails:9
  [1m[35m (8.1ms)[0m  [1m[35mCREATE TABLE "admins" ("id" integer PRIMARY KEY AUTOINCREMENT NOT NULL, "email" varchar DEFAULT '' NOT NULL, "encrypted_password" varchar DEFAULT '' NOT NULL, "reset_password_token" varchar, "reset_password_sent_at" datetime, "remember_created_at" datetime, "created_at" datetime NOT NULL, "updated_at" datetime NOT NULL)[0m
  ↳ db/migrate/20190629015111_devise_create_admins.rb:5
  [1m[35m (0.8ms)[0m  [1m[35mCREATE UNIQUE INDEX "index_admins_on_email" ON "admins" ("email")[0m
  ↳ db/migrate/20190629015111_devise_create_admins.rb:39
  [1m[35m (0.9ms)[0m  [1m[35mCREATE UNIQUE INDEX "index_admins_on_reset_password_token" ON "admins" ("reset_password_token")[0m
  ↳ db/migrate/20190629015111_devise_create_admins.rb:40
  [1m[36mActiveRecord::SchemaMigration Create (2.0ms)[0m  [1m[32mINSERT INTO "schema_migrations" ("version") VALUES (?)[0m  [["version", "20190629015111"]]
  ↳ bin/rails:9
  [1m[35m (21.3ms)[0m  [1m[36mcommit transaction[0m
  ↳ bin/rails:9
Migrating to DeviseCreateUsers (20190629015155)
  [1m[35m (0.2ms)[0m  [1m[36mbegin transaction[0m
  ↳ bin/rails:9
  [1m[35m (8.3ms)[0m  [1m[35mCREATE TABLE "users" ("id" integer PRIMARY KEY AUTOINCREMENT NOT NULL, "email" varchar DEFAULT '' NOT NULL, "encrypted_password" varchar DEFAULT '' NOT NULL, "reset_password_token" varchar, "reset_password_sent_at" datetime, "remember_created_at" datetime, "created_at" datetime NOT NULL, "updated_at" datetime NOT NULL)[0m
  ↳ db/migrate/20190629015155_devise_create_users.rb:5
  [1m[35m (0.9ms)[0m  [1m[35mCREATE UNIQUE INDEX "index_users_on_email" ON "users" ("email")[0m
  ↳ db/migrate/20190629015155_devise_create_users.rb:39
  [1m[35m (1.5ms)[0m  [1m[35mCREATE UNIQUE INDEX "index_users_on_reset_password_token" ON "users" ("reset_password_token")[0m
  ↳ db/migrate/20190629015155_devise_create_users.rb:40
  [1m[36mActiveRecord::SchemaMigration Create (2.9ms)[0m  [1m[32mINSERT INTO "schema_migrations" ("version") VALUES (?)[0m  [["version", "20190629015155"]]
  ↳ bin/rails:9
  [1m[35m (16.4ms)[0m  [1m[36mcommit transaction[0m
  ↳ bin/rails:9
Migrating to CreateAddresses (20190629023310)
  [1m[35m (0.3ms)[0m  [1m[36mbegin transaction[0m
  ↳ bin/rails:9
  [1m[35m (10.5ms)[0m  [1m[35mCREATE TABLE "addresses" ("id" integer PRIMARY KEY AUTOINCREMENT NOT NULL, "user_id" integer, "tel_number" varchar NOT NULL, "postal_code" varchar NOT NULL, "address" varchar NOT NULL, "to_name" varchar NOT NULL, "to_name_kana" varchar NOT NULL, "created_at" datetime NOT NULL, "updated_at" datetime NOT NULL, CONSTRAINT "fk_rails_48c9e0c5a2"
FOREIGN KEY ("user_id")
  REFERENCES "users" ("id")
)[0m
  ↳ db/migrate/20190629023310_create_addresses.rb:3
  [1m[35m (0.9ms)[0m  [1m[35mCREATE  INDEX "index_addresses_on_user_id" ON "addresses" ("user_id")[0m
  ↳ db/migrate/20190629023310_create_addresses.rb:3
  [1m[36mActiveRecord::SchemaMigration Create (2.4ms)[0m  [1m[32mINSERT INTO "schema_migrations" ("version") VALUES (?)[0m  [["version", "20190629023310"]]
  ↳ bin/rails:9
  [1m[35m (17.1ms)[0m  [1m[36mcommit transaction[0m
  ↳ bin/rails:9
Migrating to CreateGenres (20190629025022)
  [1m[35m (0.2ms)[0m  [1m[36mbegin transaction[0m
  ↳ bin/rails:9
  [1m[35m (8.1ms)[0m  [1m[35mCREATE TABLE "genres" ("id" integer PRIMARY KEY AUTOINCREMENT NOT NULL, "genre_name" varchar NOT NULL, "created_at" datetime NOT NULL, "updated_at" datetime NOT NULL)[0m
  ↳ db/migrate/20190629025022_create_genres.rb:3
  [1m[36mActiveRecord::SchemaMigration Create (2.6ms)[0m  [1m[32mINSERT INTO "schema_migrations" ("version") VALUES (?)[0m  [["version", "20190629025022"]]
  ↳ bin/rails:9
  [1m[35m (17.4ms)[0m  [1m[36mcommit transaction[0m
  ↳ bin/rails:9
Migrating to CreateProducts (20190629025426)
  [1m[35m (0.3ms)[0m  [1m[36mbegin transaction[0m
  ↳ bin/rails:9
  [1m[35m (7.1ms)[0m  [1m[35mCREATE TABLE "products" ("id" integer PRIMARY KEY AUTOINCREMENT NOT NULL, "genre_id" integer, "admin_id" integer, "artist_name" varchar NOT NULL, "cd_title" varchar NOT NULL, "label_name" varchar NOT NULL, "product_image_id" varchar NOT NULL, "price" integer NOT NULL, "stock" integer NOT NULL, "buy_capable" boolean DEFAULT 1, "created_at" datetime NOT NULL, "updated_at" datetime NOT NULL, CONSTRAINT "fk_rails_e4b0858a0c"
FOREIGN KEY ("genre_id")
  REFERENCES "genres" ("id")
, CONSTRAINT "fk_rails_ce326ed9bd"
FOREIGN KEY ("admin_id")
  REFERENCES "admins" ("id")
)[0m
  ↳ db/migrate/20190629025426_create_products.rb:3
  [1m[35m (1.0ms)[0m  [1m[35mCREATE  INDEX "index_products_on_genre_id" ON "products" ("genre_id")[0m
  ↳ db/migrate/20190629025426_create_products.rb:3
  [1m[35m (0.9ms)[0m  [1m[35mCREATE  INDEX "index_products_on_admin_id" ON "products" ("admin_id")[0m
  ↳ db/migrate/20190629025426_create_products.rb:3
  [1m[36mActiveRecord::SchemaMigration Create (2.4ms)[0m  [1m[32mINSERT INTO "schema_migrations" ("version") VALUES (?)[0m  [["version", "20190629025426"]]
  ↳ bin/rails:9
  [1m[35m (24.9ms)[0m  [1m[36mcommit transaction[0m
  ↳ bin/rails:9
Migrating to AddDetailsToUsers (20190629025525)
  [1m[35m (0.3ms)[0m  [1m[36mbegin transaction[0m
  ↳ bin/rails:9
  [1m[35m (7.6ms)[0m  [1m[35mALTER TABLE "users" ADD "last_name" varchar DEFAULT '' NOT NULL[0m
  ↳ db/migrate/20190629025525_add_details_to_users.rb:3
  [1m[35m (1.3ms)[0m  [1m[35mALTER TABLE "users" ADD "first_name" varchar DEFAULT '' NOT NULL[0m
  ↳ db/migrate/20190629025525_add_details_to_users.rb:4
  [1m[35m (1.2ms)[0m  [1m[35mALTER TABLE "users" ADD "last_name_kana" varchar DEFAULT '' NOT NULL[0m
  ↳ db/migrate/20190629025525_add_details_to_users.rb:5
  [1m[35m (1.5ms)[0m  [1m[35mALTER TABLE "users" ADD "first_name_kana" varchar DEFAULT '' NOT NULL[0m
  ↳ db/migrate/20190629025525_add_details_to_users.rb:6
  [1m[35m (1.5ms)[0m  [1m[35mALTER TABLE "users" ADD "gender" integer[0m
  ↳ db/migrate/20190629025525_add_details_to_users.rb:7
  [1m[35m (2.7ms)[0m  [1m[35mALTER TABLE "users" ADD "birthday" integer[0m
  ↳ db/migrate/20190629025525_add_details_to_users.rb:8
  [1m[35m (1.4ms)[0m  [1m[35mALTER TABLE "users" ADD "login_allowed" boolean DEFAULT 1[0m
  ↳ db/migrate/20190629025525_add_details_to_users.rb:9
  [1m[36mActiveRecord::SchemaMigration Create (13.1ms)[0m  [1m[32mINSERT INTO "schema_migrations" ("version") VALUES (?)[0m  [["version", "20190629025525"]]
  ↳ bin/rails:9
  [1m[35m (14.2ms)[0m  [1m[36mcommit transaction[0m
  ↳ bin/rails:9
Migrating to CreateProductDiscs (20190629025638)
  [1m[35m (0.4ms)[0m  [1m[36mbegin transaction[0m
  ↳ bin/rails:9
  [1m[35m (10.8ms)[0m  [1m[35mCREATE TABLE "product_discs" ("id" integer PRIMARY KEY AUTOINCREMENT NOT NULL, "disc_title" varchar NOT NULL, "product_id" integer, "created_at" datetime NOT NULL, "updated_at" datetime NOT NULL, CONSTRAINT "fk_rails_215b67599c"
FOREIGN KEY ("product_id")
  REFERENCES "products" ("id")
)[0m
  ↳ db/migrate/20190629025638_create_product_discs.rb:3
  [1m[35m (0.9ms)[0m  [1m[35mCREATE  INDEX "index_product_discs_on_product_id" ON "product_discs" ("product_id")[0m
  ↳ db/migrate/20190629025638_create_product_discs.rb:3
  [1m[36mActiveRecord::SchemaMigration Create (2.4ms)[0m  [1m[32mINSERT INTO "schema_migrations" ("version") VALUES (?)[0m  [["version", "20190629025638"]]
  ↳ bin/rails:9
  [1m[35m (101.7ms)[0m  [1m[36mcommit transaction[0m
  ↳ bin/rails:9
Migrating to CreateProductDiscSongs (20190629025831)
  [1m[35m (0.2ms)[0m  [1m[36mbegin transaction[0m
  ↳ bin/rails:9
  [1m[35m (14.3ms)[0m  [1m[35mCREATE TABLE "product_disc_songs" ("id" integer PRIMARY KEY AUTOINCREMENT NOT NULL, "song_name" varchar NOT NULL, "position" integer, "product_disc_id" integer, "created_at" datetime NOT NULL, "updated_at" datetime NOT NULL, CONSTRAINT "fk_rails_081c44c03d"
FOREIGN KEY ("product_disc_id")
  REFERENCES "product_discs" ("id")
)[0m
  ↳ db/migrate/20190629025831_create_product_disc_songs.rb:3
  [1m[35m (0.8ms)[0m  [1m[35mCREATE  INDEX "index_product_disc_songs_on_product_disc_id" ON "product_disc_songs" ("product_disc_id")[0m
  ↳ db/migrate/20190629025831_create_product_disc_songs.rb:3
  [1m[36mActiveRecord::SchemaMigration Create (2.5ms)[0m  [1m[32mINSERT INTO "schema_migrations" ("version") VALUES (?)[0m  [["version", "20190629025831"]]
  ↳ bin/rails:9
  [1m[35m (13.7ms)[0m  [1m[36mcommit transaction[0m
  ↳ bin/rails:9
Migrating to CreateCarts (20190629025945)
  [1m[35m (0.2ms)[0m  [1m[36mbegin transaction[0m
  ↳ bin/rails:9
  [1m[35m (12.4ms)[0m  [1m[35mCREATE TABLE "carts" ("id" integer PRIMARY KEY AUTOINCREMENT NOT NULL, "quantity" integer NOT NULL, "user_id" integer, "product_id" integer, "created_at" datetime NOT NULL, "updated_at" datetime NOT NULL, CONSTRAINT "fk_rails_ea59a35211"
FOREIGN KEY ("user_id")
  REFERENCES "users" ("id")
, CONSTRAINT "fk_rails_916f2a1419"
FOREIGN KEY ("product_id")
  REFERENCES "products" ("id")
)[0m
  ↳ db/migrate/20190629025945_create_carts.rb:3
  [1m[35m (1.4ms)[0m  [1m[35mCREATE  INDEX "index_carts_on_user_id" ON "carts" ("user_id")[0m
  ↳ db/migrate/20190629025945_create_carts.rb:3
  [1m[35m (0.8ms)[0m  [1m[35mCREATE  INDEX "index_carts_on_product_id" ON "carts" ("product_id")[0m
  ↳ db/migrate/20190629025945_create_carts.rb:3
  [1m[36mActiveRecord::SchemaMigration Create (4.3ms)[0m  [1m[32mINSERT INTO "schema_migrations" ("version") VALUES (?)[0m  [["version", "20190629025945"]]
  ↳ bin/rails:9
  [1m[35m (14.8ms)[0m  [1m[36mcommit transaction[0m
  ↳ bin/rails:9
Migrating to CreateOrderProducts (20190629030044)
  [1m[35m (0.3ms)[0m  [1m[36mbegin transaction[0m
  ↳ bin/rails:9
  [1m[35m (8.5ms)[0m  [1m[35mCREATE TABLE "order_products" ("id" integer PRIMARY KEY AUTOINCREMENT NOT NULL, "artist_name" varchar NOT NULL, "cd_title" varchar NOT NULL, "label_name" varchar NOT NULL, "product_image_id" varchar NOT NULL, "price" integer NOT NULL, "ship_status" integer DEFAULT 0, "genre_id" integer, "order_id" integer, "created_at" datetime NOT NULL, "updated_at" datetime NOT NULL, CONSTRAINT "fk_rails_d697740f4a"
FOREIGN KEY ("genre_id")
  REFERENCES "genres" ("id")
, CONSTRAINT "fk_rails_f40b8ccee4"
FOREIGN KEY ("order_id")
  REFERENCES "orders" ("id")
)[0m
  ↳ db/migrate/20190629030044_create_order_products.rb:3
  [1m[35m (0.6ms)[0m  [1m[35mCREATE  INDEX "index_order_products_on_genre_id" ON "order_products" ("genre_id")[0m
  ↳ db/migrate/20190629030044_create_order_products.rb:3
  [1m[35m (0.6ms)[0m  [1m[35mCREATE  INDEX "index_order_products_on_order_id" ON "order_products" ("order_id")[0m
  ↳ db/migrate/20190629030044_create_order_products.rb:3
  [1m[36mActiveRecord::SchemaMigration Create (2.3ms)[0m  [1m[32mINSERT INTO "schema_migrations" ("version") VALUES (?)[0m  [["version", "20190629030044"]]
  ↳ bin/rails:9
  [1m[35m (25.9ms)[0m  [1m[36mcommit transaction[0m
  ↳ bin/rails:9
Migrating to CreateOrders (20190629030359)
  [1m[35m (0.3ms)[0m  [1m[36mbegin transaction[0m
  ↳ bin/rails:9
  [1m[35m (9.0ms)[0m  [1m[35mCREATE TABLE "orders" ("id" integer PRIMARY KEY AUTOINCREMENT NOT NULL, "payment_method" integer DEFAULT 0, "to_address" varchar NOT NULL, "user_id" integer, "created_at" datetime NOT NULL, "updated_at" datetime NOT NULL, CONSTRAINT "fk_rails_f868b47f6a"
FOREIGN KEY ("user_id")
  REFERENCES "users" ("id")
)[0m
  ↳ db/migrate/20190629030359_create_orders.rb:3
  [1m[35m (2.0ms)[0m  [1m[35mCREATE  INDEX "index_orders_on_user_id" ON "orders" ("user_id")[0m
  ↳ db/migrate/20190629030359_create_orders.rb:3
  [1m[36mActiveRecord::SchemaMigration Create (3.1ms)[0m  [1m[32mINSERT INTO "schema_migrations" ("version") VALUES (?)[0m  [["version", "20190629030359"]]
  ↳ bin/rails:9
  [1m[35m (10.8ms)[0m  [1m[36mcommit transaction[0m
  ↳ bin/rails:9
  [1m[36mActiveRecord::InternalMetadata Load (1.9ms)[0m  [1m[34mSELECT  "ar_internal_metadata".* FROM "ar_internal_metadata" WHERE "ar_internal_metadata"."key" = ? LIMIT ?[0m  [["key", "environment"], ["LIMIT", 1]]
  ↳ bin/rails:9
  [1m[35m (0.3ms)[0m  [1m[36mbegin transaction[0m
  ↳ bin/rails:9
  [1m[36mActiveRecord::InternalMetadata Create (7.4ms)[0m  [1m[32mINSERT INTO "ar_internal_metadata" ("key", "value", "created_at", "updated_at") VALUES (?, ?, ?, ?)[0m  [["key", "environment"], ["value", "development"], ["created_at", "2019-06-29 06:26:43.944480"], ["updated_at", "2019-06-29 06:26:43.944480"]]
  ↳ bin/rails:9
  [1m[35m (10.1ms)[0m  [1m[36mcommit transaction[0m
  ↳ bin/rails:9
  [1m[35m (1.6ms)[0m  [1m[34mSELECT "schema_migrations"."version" FROM "schema_migrations" ORDER BY "schema_migrations"."version" ASC[0m
  ↳ bin/rails:9
Started GET "/" for 10.0.2.2 at 2019-06-29 06:29:10 +0000
Cannot render console from 10.0.2.2! Allowed networks: 127.0.0.1, ::1, 127.0.0.0/127.255.255.255
  [1m[35m (2.5ms)[0m  [1m[34mSELECT "schema_migrations"."version" FROM "schema_migrations" ORDER BY "schema_migrations"."version" ASC[0m
  ↳ /var/lib/gems/2.5.0/gems/activerecord-5.2.3/lib/active_record/log_subscriber.rb:98
  
ActionController::RoutingError (uninitialized constant HomeController):
  
bootsnap (1.4.4) lib/bootsnap/load_path_cache/core_ext/active_support.rb:79:in `block in load_missing_constant'
bootsnap (1.4.4) lib/bootsnap/load_path_cache/core_ext/active_support.rb:8:in `without_bootsnap_cache'
bootsnap (1.4.4) lib/bootsnap/load_path_cache/core_ext/active_support.rb:79:in `rescue in load_missing_constant'
bootsnap (1.4.4) lib/bootsnap/load_path_cache/core_ext/active_support.rb:58:in `load_missing_constant'
activesupport (5.2.3) lib/active_support/inflector/methods.rb:283:in `const_get'
activesupport (5.2.3) lib/active_support/inflector/methods.rb:283:in `block in constantize'
activesupport (5.2.3) lib/active_support/inflector/methods.rb:281:in `each'
activesupport (5.2.3) lib/active_support/inflector/methods.rb:281:in `inject'
activesupport (5.2.3) lib/active_support/inflector/methods.rb:281:in `constantize'
actionpack (5.2.3) lib/action_dispatch/http/request.rb:88:in `controller_class_for'
actionpack (5.2.3) lib/action_dispatch/http/request.rb:81:in `controller_class'
actionpack (5.2.3) lib/action_dispatch/routing/route_set.rb:46:in `controller'
actionpack (5.2.3) lib/action_dispatch/routing/route_set.rb:32:in `serve'
actionpack (5.2.3) lib/action_dispatch/journey/router.rb:52:in `block in serve'
actionpack (5.2.3) lib/action_dispatch/journey/router.rb:35:in `each'
actionpack (5.2.3) lib/action_dispatch/journey/router.rb:35:in `serve'
actionpack (5.2.3) lib/action_dispatch/routing/route_set.rb:840:in `call'
warden (1.2.8) lib/warden/manager.rb:36:in `block in call'
warden (1.2.8) lib/warden/manager.rb:34:in `catch'
warden (1.2.8) lib/warden/manager.rb:34:in `call'
rack (2.0.7) lib/rack/tempfile_reaper.rb:15:in `call'
rack (2.0.7) lib/rack/etag.rb:25:in `call'
rack (2.0.7) lib/rack/conditional_get.rb:25:in `call'
rack (2.0.7) lib/rack/head.rb:12:in `call'
actionpack (5.2.3) lib/action_dispatch/http/content_security_policy.rb:18:in `call'
rack (2.0.7) lib/rack/session/abstract/id.rb:232:in `context'
rack (2.0.7) lib/rack/session/abstract/id.rb:226:in `call'
actionpack (5.2.3) lib/action_dispatch/middleware/cookies.rb:670:in `call'
activerecord (5.2.3) lib/active_record/migration.rb:559:in `call'
actionpack (5.2.3) lib/action_dispatch/middleware/callbacks.rb:28:in `block in call'
activesupport (5.2.3) lib/active_support/callbacks.rb:98:in `run_callbacks'
actionpack (5.2.3) lib/action_dispatch/middleware/callbacks.rb:26:in `call'
actionpack (5.2.3) lib/action_dispatch/middleware/executor.rb:14:in `call'
actionpack (5.2.3) lib/action_dispatch/middleware/debug_exceptions.rb:61:in `call'
web-console (3.7.0) lib/web_console/middleware.rb:135:in `call_app'
web-console (3.7.0) lib/web_console/middleware.rb:22:in `block in call'
web-console (3.7.0) lib/web_console/middleware.rb:20:in `catch'
web-console (3.7.0) lib/web_console/middleware.rb:20:in `call'
actionpack (5.2.3) lib/action_dispatch/middleware/show_exceptions.rb:33:in `call'
railties (5.2.3) lib/rails/rack/logger.rb:38:in `call_app'
railties (5.2.3) lib/rails/rack/logger.rb:26:in `block in call'
activesupport (5.2.3) lib/active_support/tagged_logging.rb:71:in `block in tagged'
activesupport (5.2.3) lib/active_support/tagged_logging.rb:28:in `tagged'
activesupport (5.2.3) lib/active_support/tagged_logging.rb:71:in `tagged'
railties (5.2.3) lib/rails/rack/logger.rb:26:in `call'
sprockets-rails (3.2.1) lib/sprockets/rails/quiet_assets.rb:13:in `call'
actionpack (5.2.3) lib/action_dispatch/middleware/remote_ip.rb:81:in `call'
actionpack (5.2.3) lib/action_dispatch/middleware/request_id.rb:27:in `call'
rack (2.0.7) lib/rack/method_override.rb:22:in `call'
rack (2.0.7) lib/rack/runtime.rb:22:in `call'
activesupport (5.2.3) lib/active_support/cache/strategy/local_cache_middleware.rb:29:in `call'
actionpack (5.2.3) lib/action_dispatch/middleware/executor.rb:14:in `call'
actionpack (5.2.3) lib/action_dispatch/middleware/static.rb:127:in `call'
rack (2.0.7) lib/rack/sendfile.rb:111:in `call'
railties (5.2.3) lib/rails/engine.rb:524:in `call'
puma (3.12.1) lib/puma/configuration.rb:227:in `call'
puma (3.12.1) lib/puma/server.rb:660:in `handle_request'
puma (3.12.1) lib/puma/server.rb:474:in `process_client'
puma (3.12.1) lib/puma/server.rb:334:in `block in run'
puma (3.12.1) lib/puma/thread_pool.rb:135:in `block in spawn_thread'
Started GET "/" for 10.0.2.2 at 2019-06-29 06:32:26 +0000
Cannot render console from 10.0.2.2! Allowed networks: 127.0.0.1, ::1, 127.0.0.0/127.255.255.255
  [1m[35m (2.6ms)[0m  [1m[34mSELECT "schema_migrations"."version" FROM "schema_migrations" ORDER BY "schema_migrations"."version" ASC[0m
  ↳ /var/lib/gems/2.5.0/gems/activerecord-5.2.3/lib/active_record/log_subscriber.rb:98
Processing by HomeController#top as HTML
Completed 500 Internal Server Error in 973ms (ActiveRecord: 0.0ms)


  
NameError (undefined local variable or method `current_client' for #<HomeController:0x000055bbee51a108>):
  
app/controllers/home_controller.rb:3:in `top'
Started GET "/" for 10.0.2.2 at 2019-06-29 06:33:11 +0000
Cannot render console from 10.0.2.2! Allowed networks: 127.0.0.1, ::1, 127.0.0.0/127.255.255.255
  [1m[35m (2.7ms)[0m  [1m[34mSELECT "schema_migrations"."version" FROM "schema_migrations" ORDER BY "schema_migrations"."version" ASC[0m
  ↳ /var/lib/gems/2.5.0/gems/activerecord-5.2.3/lib/active_record/log_subscriber.rb:98
Processing by HomeController#top as HTML
Completed 500 Internal Server Error in 993ms (ActiveRecord: 0.0ms)


  
NameError (undefined local variable or method `current_client' for #<HomeController:0x000055d7b0c5a3e0>):
  
app/controllers/home_controller.rb:3:in `top'
Started GET "/" for 10.0.2.2 at 2019-06-29 06:33:23 +0000
Cannot render console from 10.0.2.2! Allowed networks: 127.0.0.1, ::1, 127.0.0.0/127.255.255.255
Processing by HomeController#top as HTML
Completed 500 Internal Server Error in 1146ms (ActiveRecord: 0.0ms)


  
NameError (undefined local variable or method `current_client' for #<HomeController:0x000055d7b2a99810>):
  
app/controllers/home_controller.rb:3:in `top'
Started GET "/" for 10.0.2.2 at 2019-06-29 06:33:50 +0000
Cannot render console from 10.0.2.2! Allowed networks: 127.0.0.1, ::1, 127.0.0.0/127.255.255.255
  [1m[35m (2.3ms)[0m  [1m[34mSELECT "schema_migrations"."version" FROM "schema_migrations" ORDER BY "schema_migrations"."version" ASC[0m
  ↳ /var/lib/gems/2.5.0/gems/activerecord-5.2.3/lib/active_record/log_subscriber.rb:98
Processing by HomeController#top as HTML
Completed 500 Internal Server Error in 958ms (ActiveRecord: 0.0ms)


  
NameError (undefined local variable or method `current_client' for #<HomeController:0x000055a134151410>):
  
app/controllers/home_controller.rb:3:in `top'
Started GET "/" for 10.0.2.2 at 2019-06-29 06:34:16 +0000
Cannot render console from 10.0.2.2! Allowed networks: 127.0.0.1, ::1, 127.0.0.0/127.255.255.255
Processing by HomeController#top as HTML
Completed 500 Internal Server Error in 1152ms (ActiveRecord: 0.0ms)


  
NameError (undefined local variable or method `current_client' for #<HomeController:0x000055a134b4bd58>):
  
app/controllers/home_controller.rb:3:in `top'
Started GET "/" for 10.0.2.2 at 2019-06-29 06:36:28 +0000
Cannot render console from 10.0.2.2! Allowed networks: 127.0.0.1, ::1, 127.0.0.0/127.255.255.255
  [1m[35m (2.9ms)[0m  [1m[34mSELECT "schema_migrations"."version" FROM "schema_migrations" ORDER BY "schema_migrations"."version" ASC[0m
  ↳ /var/lib/gems/2.5.0/gems/activerecord-5.2.3/lib/active_record/log_subscriber.rb:98
Processing by HomeController#top as HTML
Completed 500 Internal Server Error in 986ms (ActiveRecord: 0.0ms)


  
NameError (undefined local variable or method `current_client' for #<HomeController:0x000055df3c90ed88>):
  
app/controllers/home_controller.rb:3:in `top'
Started GET "/" for 10.0.2.2 at 2019-06-29 06:40:47 +0000
Cannot render console from 10.0.2.2! Allowed networks: 127.0.0.1, ::1, 127.0.0.0/127.255.255.255
  [1m[35m (2.3ms)[0m  [1m[34mSELECT "schema_migrations"."version" FROM "schema_migrations" ORDER BY "schema_migrations"."version" ASC[0m
  ↳ /var/lib/gems/2.5.0/gems/activerecord-5.2.3/lib/active_record/log_subscriber.rb:98
Processing by HomeController#top as HTML
  Rendering home/top.html.erb within layouts/application
  Rendered home/top.html.erb within layouts/application (1411.0ms)
Completed 500 Internal Server Error in 1560ms (ActiveRecord: 0.0ms)


  
ActionView::Template::Error (undefined method `client_signed_in?' for #<#<Class:0x000056086f13d0d0>:0x000056086f161778>):
    1: <% if client_signed_in? %>
    2: 
    3:     <%= link_to('ログアウト', destroy_client_session_path, :method => :delete) %>
    4:     <%= link_to "マイページ", client_path(@client) %>
  
app/views/home/top.html.erb:1:in `_app_views_home_top_html_erb__3137429422612146378_47297111593380'
Started GET "/" for 10.0.2.2 at 2019-06-29 06:41:51 +0000
Cannot render console from 10.0.2.2! Allowed networks: 127.0.0.1, ::1, 127.0.0.0/127.255.255.255
Processing by HomeController#top as HTML
  Rendering home/top.html.erb within layouts/application
  Rendered home/top.html.erb within layouts/application (55.1ms)
Completed 200 OK in 32891ms (Views: 32855.4ms | ActiveRecord: 0.0ms)


